rallee-androidMarket/proguardBck.cfg
-injars      bin/classes
-injars      libs
-outjars     bin/classes-processed.jar
#-libraryjars /usr/local/java/android-sdk/platforms/android-8/android.jar
-libraryjars "C:\Program Files\Android\android-sdk\platforms\android-8\android.jar"

-dontpreverify
-repackageclasses ''
-allowaccessmodification
-optimizations !code/simplification/arithmetic
-keepattributes *Annotation*

-keep public class * extends android.app.Activity
-keep public class * extends android.app.Application
-keep public class * extends android.app.Service
-keep public class * extends android.content.BroadcastReceiver
-keep public class * extends android.content.ContentProvider
-keep public class * extends android.preference.Preference


#-optimizationpasses 5
#-dontusemixedcaseclassnames
#-dontskipnonpubliclibraryclasses

#-dontskipnonpubliclibraryclassmembers
#-dontwarn CompatHoneycomb 
#-dontwarn android.support.v4.**
#-dontwarn **CompatCreatorHoneycombMR2
#-dontwarn **ActivityCompatHoneycomb
#-dontwarn **MenuCompatHoneycomb



#-keep class android.support.v4. { *; }

#Ivan added
#Compatibility library 
-keep public class * extends android.app.Fragment
-keep public class com.crittercism.**


-keep public class * extends android.view.View {
    public <init>(android.content.Context);
    public <init>(android.content.Context, android.util.AttributeSet);
    public <init>(android.content.Context, android.util.AttributeSet, int);
    public void set*(...);
}

-keepclasseswithmembers class * {
    public <init>(android.content.Context, android.util.AttributeSet);
}

-keepclasseswithmembers class * {
    public <init>(android.content.Context, android.util.AttributeSet, int);
}

-keepclassmembers class * extends android.content.Context {
   public void *(android.view.View);
   public void *(android.view.MenuItem);
}

-keepclassmembers class * implements android.os.Parcelable {
    static android.os.Parcelable$Creator CREATOR;
}

-keepclassmembers class **.R$* {
    public static <fields>;
}

-keepclasseswithmembernames class * {
    native <methods>;
}


-keepclassmembers class * extends android.app.Activity {
   public void *(android.view.View);
}

-keepclassmembers enum * {
    public static **[] values();
    public static ** valueOf(java.lang.String);
}

-keepclassmembers public class com.crittercism.*
{
    *;
}