rallee-androidMarket/proguard/seeds.txt
com.radiorunt.R$anim: int disappear
com.radiorunt.R$anim: int grow_from_bottom
com.radiorunt.R$anim: int grow_from_bottomleft_to_topright
com.radiorunt.R$anim: int grow_from_bottomright_to_topleft
com.radiorunt.R$anim: int grow_from_top
com.radiorunt.R$anim: int grow_from_topleft_to_bottomright
com.radiorunt.R$anim: int grow_from_topright_to_bottomleft
com.radiorunt.R$anim: int pump_bottom
com.radiorunt.R$anim: int pump_top
com.radiorunt.R$anim: int rail
com.radiorunt.R$anim: int shrink_from_bottom
com.radiorunt.R$anim: int shrink_from_bottomleft_to_topright
com.radiorunt.R$anim: int shrink_from_bottomright_to_topleft
com.radiorunt.R$anim: int shrink_from_top
com.radiorunt.R$anim: int shrink_from_topleft_to_bottomright
com.radiorunt.R$anim: int shrink_from_topright_to_bottomleft
com.radiorunt.R$anim: int slide_down_in
com.radiorunt.R$anim: int slide_down_out
com.radiorunt.R$anim: int slide_left_in
com.radiorunt.R$anim: int slide_left_out
com.radiorunt.R$anim: int slide_out_parent_down
com.radiorunt.R$anim: int slide_right_in
com.radiorunt.R$anim: int slide_right_out
com.radiorunt.R$anim: int slide_up_in
com.radiorunt.R$anim: int slide_up_out
com.radiorunt.R$array: int server_addresses
com.radiorunt.R$array: int speex_quality
com.radiorunt.R$array: int speex_quality_values
com.radiorunt.R$color: int black
com.radiorunt.R$color: int black_transparent
com.radiorunt.R$color: int cyan
com.radiorunt.R$color: int cyan_active_group
com.radiorunt.R$color: int cyan_dark
com.radiorunt.R$color: int cyan_light
com.radiorunt.R$color: int dark_black_transparent
com.radiorunt.R$color: int dark_purple_transparent
com.radiorunt.R$color: int dark_white_transparent
com.radiorunt.R$color: int light_black_transparent
com.radiorunt.R$color: int light_blue
com.radiorunt.R$color: int light_purple_transparent
com.radiorunt.R$color: int light_white_transparent
com.radiorunt.R$color: int transparent
com.radiorunt.R$color: int white
com.radiorunt.R$color: int white_transparent
com.radiorunt.R$drawable: int action_item_btn
com.radiorunt.R$drawable: int action_item_selected
com.radiorunt.R$drawable: int alerts_row_arrow
com.radiorunt.R$drawable: int arrow_down
com.radiorunt.R$drawable: int arrow_up
com.radiorunt.R$drawable: int background_wood_grain
com.radiorunt.R$drawable: int background_wood_grain_left
com.radiorunt.R$drawable: int background_wood_grain_right
com.radiorunt.R$drawable: int button_add_user_to_conversation
com.radiorunt.R$drawable: int button_participants
com.radiorunt.R$drawable: int button_voicemail_icon_alerts
com.radiorunt.R$drawable: int button_voicemail_icon_history
com.radiorunt.R$drawable: int button_voicemail_icon_voicemail
com.radiorunt.R$drawable: int button_voicemail_tabs_center
com.radiorunt.R$drawable: int button_voicemail_tabs_left
com.radiorunt.R$drawable: int button_voicemail_tabs_right
com.radiorunt.R$drawable: int cancel_call
com.radiorunt.R$drawable: int channels_item_drawable
com.radiorunt.R$drawable: int channels_ui_dim_background
com.radiorunt.R$drawable: int channels_ui_moving_function_bar
com.radiorunt.R$drawable: int channels_ui_moving_function_bar_btn_close
com.radiorunt.R$drawable: int channels_ui_moving_function_bar_btn_close_browse
com.radiorunt.R$drawable: int channels_ui_moving_function_bar_btn_close_browse_small
com.radiorunt.R$drawable: int channels_ui_moving_function_bar_btn_edit
com.radiorunt.R$drawable: int channels_ui_moving_function_bar_btn_left_arrow
...
org.codehaus.jackson.map.ser.EnumSerializer
org.codehaus.jackson.map.ser.EnumSerializer: org.codehaus.jackson.map.util.EnumValues _values
org.codehaus.jackson.map.ser.EnumSerializer: EnumSerializer(org.codehaus.jackson.map.util.EnumValues)
org.codehaus.jackson.map.ser.EnumSerializer: org.codehaus.jackson.map.ser.EnumSerializer construct(java.lang.Class,org.codehaus.jackson.map.SerializationConfig,org.codehaus.jackson.map.introspect.BasicBeanDescription)
org.codehaus.jackson.map.ser.EnumSerializer: void serialize(java.lang.Enum,org.codehaus.jackson.JsonGenerator,org.codehaus.jackson.map.SerializerProvider)
org.codehaus.jackson.map.ser.EnumSerializer: org.codehaus.jackson.JsonNode getSchema(org.codehaus.jackson.map.SerializerProvider,java.lang.reflect.Type)
org.codehaus.jackson.map.ser.EnumSerializer: org.codehaus.jackson.map.util.EnumValues getEnumValues()
org.codehaus.jackson.map.ser.EnumSerializer: void serialize(java.lang.Object,org.codehaus.jackson.JsonGenerator,org.codehaus.jackson.map.SerializerProvider)
org.codehaus.jackson.map.ser.FailingSerializer
org.codehaus.jackson.map.ser.FailingSerializer: java.lang.String _msg
org.codehaus.jackson.map.ser.FailingSerializer: FailingSerializer(java.lang.String)
org.codehaus.jackson.map.ser.FailingSerializer: void serialize(java.lang.Object,org.codehaus.jackson.JsonGenerator,org.codehaus.jackson.map.SerializerProvider)
org.codehaus.jackson.map.ser.FailingSerializer: org.codehaus.jackson.JsonNode getSchema(org.codehaus.jackson.map.SerializerProvider,java.lang.reflect.Type)
org.codehaus.jackson.map.ser.FilterProvider
org.codehaus.jackson.map.ser.FilterProvider: FilterProvider()
org.codehaus.jackson.map.ser.FilterProvider: org.codehaus.jackson.map.ser.BeanPropertyFilter findFilter(java.lang.Object)
org.codehaus.jackson.map.ser.FilteredBeanPropertyWriter
org.codehaus.jackson.map.ser.FilteredBeanPropertyWriter: FilteredBeanPropertyWriter()
org.codehaus.jackson.map.ser.FilteredBeanPropertyWriter: org.codehaus.jackson.map.ser.BeanPropertyWriter constructViewBased(org.codehaus.jackson.map.ser.BeanPropertyWriter,java.lang.Class[])
org.codehaus.jackson.map.ser.FilteredBeanPropertyWriter$MultiView
org.codehaus.jackson.map.ser.FilteredBeanPropertyWriter$MultiView: org.codehaus.jackson.map.ser.BeanPropertyWriter _delegate
org.codehaus.jackson.map.ser.FilteredBeanPropertyWriter$MultiView: java.lang.Class[] _views
org.codehaus.jackson.map.ser.FilteredBeanPropertyWriter$MultiView: FilteredBeanPropertyWriter$MultiView(org.codehaus.jackson.map.ser.BeanPropertyWriter,java.lang.Class[])
org.codehaus.jackson.map.ser.FilteredBeanPropertyWriter$MultiView: org.codehaus.jackson.map.ser.BeanPropertyWriter withSerializer(org.codehaus.jackson.map.JsonSerializer)
org.codehaus.jackson.map.ser.FilteredBeanPropertyWriter$MultiView: void serializeAsField(java.lang.Object,org.codehaus.jackson.JsonGenerator,org.codehaus.jackson.map.SerializerProvider)
org.codehaus.jackson.map.ser.FilteredBeanPropertyWriter$SingleView
org.codehaus.jackson.map.ser.FilteredBeanPropertyWriter$SingleView: org.codehaus.jackson.map.ser.BeanPropertyWriter _delegate
org.codehaus.jackson.map.ser.FilteredBeanPropertyWriter$SingleView: java.lang.Class _view
org.codehaus.jackson.map.ser.FilteredBeanPropertyWriter$SingleView: FilteredBeanPropertyWriter$SingleView(org.codehaus.jackson.map.ser.BeanPropertyWriter,java.lang.Class)
org.codehaus.jackson.map.ser.FilteredBeanPropertyWriter$SingleView: org.codehaus.jackson.map.ser.BeanPropertyWriter withSerializer(org.codehaus.jackson.map.JsonSerializer)
org.codehaus.jackson.map.ser.FilteredBeanPropertyWriter$SingleView: void serializeAsField(java.lang.Object,org.codehaus.jackson.JsonGenerator,org.codehaus.jackson.map.SerializerProvider)
org.codehaus.jackson.map.ser.JdkSerializers
org.codehaus.jackson.map.ser.JdkSerializers: JdkSerializers()
org.codehaus.jackson.map.ser.JdkSerializers: java.util.Collection provide()