rallee-androidMarket/proguard/mapping.txt
com.radiorunt.activities.ChannelsActivity -> com.radiorunt.activities.ChannelsActivity:
    android.widget.Gallery channelsGallery -> c
    com.radiorunt.activities.ChannelsActivity$ChannelsAdapter myChannelsAdapter -> d
    java.util.ArrayList channels -> e
    java.util.ArrayList myChannels -> a
    java.util.ArrayList myChannelsNames -> f
    android.widget.LinearLayout llChannelBrowse -> g
    android.widget.LinearLayout llMyChannels -> h
    android.widget.ListView channelBrowseList -> i
    com.radiorunt.utilities.ChannelsListAdapter browseChannelsAdapter -> j
    android.widget.ViewFlipper flipper -> k
    android.os.Handler mHandler -> l
    com.radiorunt.activities.ChannelsActivity$GetParticipantsServiceReceiver mGetParticipantsServiceReceiver -> m
    android.widget.TextView tvNoChannelMsg -> n
    com.google.android.apps.analytics.GoogleAnalyticsTracker mGATracker -> o
    86:222:void onCreate(android.os.Bundle) -> onCreate
    226:234:void onResume() -> onResume
    239:244:void onPause() -> onPause
    409:413:void goToHome() -> i
    419:477:void loadChannelsFromDb() -> j
    532:532:void showParticipants$6ba92955() -> a
    408:408:void access$0(com.radiorunt.activities.ChannelsActivity) -> a
    415:415:void access$1(com.radiorunt.activities.ChannelsActivity) -> b
    63:63:android.widget.LinearLayout access$2(com.radiorunt.activities.ChannelsActivity) -> c
    62:62:android.widget.LinearLayout access$3(com.radiorunt.activities.ChannelsActivity) -> d
com.radiorunt.activities.ChannelsActivity$1 -> com.radiorunt.activities.ChannelsActivity$1:
    com.radiorunt.activities.ChannelsActivity this$0 -> a
    97:103:void handleMessage(android.os.Message) -> handleMessage
com.radiorunt.activities.ChannelsActivity$2 -> com.radiorunt.activities.ChannelsActivity$2:
    com.radiorunt.activities.ChannelsActivity this$0 -> a
    135:138:void onClick(android.view.View) -> onClick
com.radiorunt.activities.ChannelsActivity$3 -> com.radiorunt.activities.ChannelsActivity$3:
    com.radiorunt.activities.ChannelsActivity this$0 -> a
    150:170:void onClick(android.view.View) -> onClick
com.radiorunt.activities.ChannelsActivity$4 -> com.radiorunt.activities.ChannelsActivity$4:
    com.radiorunt.activities.ChannelsActivity this$0 -> a
    176:196:void onClick(android.view.View) -> onClick
com.radiorunt.activities.ChannelsActivity$5 -> com.radiorunt.activities.ChannelsActivity$5:
    com.radiorunt.activities.ChannelsActivity this$0 -> a
    468:475:void run() -> run
com.radiorunt.activities.ChannelsActivity$ChannelsAdapter -> aM:
    android.content.Context mContext -> a
    android.view.LayoutInflater mInflater -> b
    com.radiorunt.activities.ChannelsActivity this$0 -> c
    275:275:int getCount() -> getCount
    279:279:java.lang.Object getItem(int) -> getItem
    283:283:long getItemId(int) -> getItemId
    287:394:android.view.View getView(int,android.view.View,android.view.ViewGroup) -> getView
    247:247:com.radiorunt.activities.ChannelsActivity access$0(com.radiorunt.activities.ChannelsActivity$ChannelsAdapter) -> a
com.radiorunt.activities.ChannelsActivity$ChannelsAdapter$1 -> aM$1:
    307:312:boolean onTouch(android.view.View,android.view.MotionEvent) -> onTouch
com.radiorunt.activities.ChannelsActivity$ChannelsAdapter$2 -> aM$2:
    319:324:boolean onTouch(android.view.View,android.view.MotionEvent) -> onTouch
com.radiorunt.activities.ChannelsActivity$ChannelsAdapter$3 -> aM$3:
    com.radiorunt.activities.ChannelsActivity$ChannelsAdapter this$1 -> a
    int val$p -> b
    339:350:void onClick(android.view.View) -> onClick
com.radiorunt.activities.ChannelsActivity$ChannelsAdapter$4 -> aM$4:
    com.radiorunt.activities.ChannelsActivity$ChannelsAdapter this$1 -> a
    int val$p -> b
    356:370:void onClick(android.view.View) -> onClick
...
org.codehaus.jackson.util.TextBuffer -> org.codehaus.jackson.util.TextBuffer:
    char[] NO_CHARS -> NO_CHARS
    int MIN_SEGMENT_LEN -> MIN_SEGMENT_LEN
    int MAX_SEGMENT_LEN -> MAX_SEGMENT_LEN
    org.codehaus.jackson.util.BufferRecycler _allocator -> _allocator
    char[] _inputBuffer -> _inputBuffer
    int _inputStart -> _inputStart
    int _inputLen -> _inputLen
    java.util.ArrayList _segments -> _segments
    boolean _hasSegments -> _hasSegments
    int _segmentSize -> _segmentSize
    char[] _currentSegment -> _currentSegment
    int _currentSize -> _currentSize
    java.lang.String _resultString -> _resultString
    char[] _resultArray -> _resultArray
    136:148:void releaseBuffers() -> releaseBuffers
    156:168:void resetWithEmpty() -> resetWithEmpty
    179:191:void resetWithShared(char[],int,int) -> resetWithShared
    195:210:void resetWithCopy(char[],int,int) -> resetWithCopy
    214:226:void resetWithString(java.lang.String) -> resetWithString
    234:237:char[] findBuffer(int) -> findBuffer
    242:252:void clearSegments() -> clearSegments
    264:268:int size() -> size
    277:277:int getTextOffset() -> getTextOffset
    283:291:char[] getTextBuffer() -> getTextBuffer
    302:336:java.lang.String contentsAsString() -> contentsAsString
    341:345:char[] contentsAsArray() -> contentsAsArray
    356:368:java.math.BigDecimal contentsAsDecimal() -> contentsAsDecimal
    378:378:double contentsAsDouble() -> contentsAsDouble
org.codehaus.jackson.util.TokenBuffer -> org.codehaus.jackson.util.TokenBuffer:
    int DEFAULT_PARSER_FEATURES -> DEFAULT_PARSER_FEATURES
    org.codehaus.jackson.ObjectCodec _objectCodec -> _objectCodec
    int _generatorFeatures -> _generatorFeatures
    boolean _closed -> _closed
    org.codehaus.jackson.util.TokenBuffer$Segment _first -> _first
    org.codehaus.jackson.util.TokenBuffer$Segment _last -> _last
    int _appendOffset -> _appendOffset
    org.codehaus.jackson.impl.JsonWriteContext _writeContext -> _writeContext
    118:118:org.codehaus.jackson.JsonParser asParser() -> asParser
    136:136:org.codehaus.jackson.JsonParser asParser(org.codehaus.jackson.ObjectCodec) -> asParser
    145:147:org.codehaus.jackson.JsonParser asParser(org.codehaus.jackson.JsonParser) -> asParser
    169:262:void serialize(org.codehaus.jackson.JsonGenerator) -> serialize
    268:296:java.lang.String toString() -> toString
    307:308:org.codehaus.jackson.JsonGenerator enable(org.codehaus.jackson.JsonGenerator$Feature) -> enable
    313:314:org.codehaus.jackson.JsonGenerator disable(org.codehaus.jackson.JsonGenerator$Feature) -> disable
    321:321:boolean isEnabled(org.codehaus.jackson.JsonGenerator$Feature) -> isEnabled
    327:327:org.codehaus.jackson.JsonGenerator useDefaultPrettyPrinter() -> useDefaultPrettyPrinter
    332:333:org.codehaus.jackson.JsonGenerator setCodec(org.codehaus.jackson.ObjectCodec) -> setCodec
org.codehaus.jackson.util.TokenBuffer$1 -> org.codehaus.jackson.util.TokenBuffer$1:
    int[] $SwitchMap$org$codehaus$jackson$JsonToken -> $SwitchMap$org$codehaus$jackson$JsonToken
    int[] $SwitchMap$org$codehaus$jackson$JsonParser$NumberType -> $SwitchMap$org$codehaus$jackson$JsonParser$NumberType