rallee-androidMarket/proguard/usage.txt
com.radiorunt.BuildConfig
com.radiorunt.Manifest
com.radiorunt.Manifest$permission
com.radiorunt.R
com.radiorunt.R$anim
com.radiorunt.R$array
com.radiorunt.R$attr
com.radiorunt.R$color
com.radiorunt.R$drawable
com.radiorunt.R$id
com.radiorunt.R$layout
com.radiorunt.R$menu
com.radiorunt.R$raw
com.radiorunt.R$string
com.radiorunt.R$style
com.radiorunt.R$xml
com.radiorunt.activities.ChannelsActivity:
    private static final int CHANNELS_MODE_MY_CHANNELS
    private static final int CHANNELS_MODE_BROWSE_CHANNELS
    public static final int MSG_LOAD_CHANNELS
    private android.view.View$OnTouchListener starButtonOnTouchListener
    private android.view.View$OnTouchListener membersButtonOnTouchListener
com.radiorunt.activities.ConnectedActivity:
    protected com.radiorunt.services.IServiceObserver mObserver
com.radiorunt.activities.ConnectedActivity$1:
    43:44:public void finish()
com.radiorunt.activities.ConnectedActivityLogic$Host:
    public abstract void finish()
com.radiorunt.activities.ConnectedFragmentActivity:
    protected com.radiorunt.services.IServiceObserver mObserver
com.radiorunt.activities.ConnectedFragmentActivity$1:
    44:45:public void finish()
com.radiorunt.activities.DbContentProvider:
    public static final java.lang.String PROVIDER_NAME
    public static final java.lang.String _ID
    public static final java.lang.String NAME
    public static final java.lang.String HOST
    public static final java.lang.String PORT
    public static final java.lang.String USERNAME
    public static final java.lang.String PASSWORD
    private static final int SERVER
    private static final int SERVER_ID
    private static final int USER
    private static final int USER_ID
    private static final int MISSED_CALL
    private static final int CHANNEL
    private static final int CHANNEL_ID
    private static final int FB_GROUP
    private static final int MISSED_CALL_TIMESTAMP
    private static final int FB_GROUP_ID_STRING
    private static final int PRIVATE_GROUP
    private static final int PRIVATE_GROUP_ID_NUM
    private static final int GROUP_MEMBERS
    private static final int CHANNEL_DISTINCT
    private static final int CHANNEL_CATEGORY
    private static final int TRANSCRIPT
    private static final int CHANNEL_CHAR
    private static final int CALL_HISTORY
    private static final int CALL_HISTORY_TYPE
    public static final java.lang.String DATABASE_NAME
    public static final int DATABESE_VERSION
    public static final java.lang.String SERVER_TABLE
    public static final java.lang.String SERVER_COL_ID
    public static final java.lang.String SERVER_COL_NAME
...
android.support.v4.app.NotificationCompat$Builder
android.support.v4.app.NotificationCompat$InboxStyle
android.support.v4.app.NotificationCompat$NotificationCompatImpl
android.support.v4.app.NotificationCompat$NotificationCompatImplBase
android.support.v4.app.NotificationCompat$NotificationCompatImplHoneycomb
android.support.v4.app.NotificationCompat$NotificationCompatImplIceCreamSandwich
android.support.v4.app.NotificationCompat$NotificationCompatImplJellybean
android.support.v4.app.NotificationCompat$Style
android.support.v4.app.NotificationCompatHoneycomb
android.support.v4.app.NotificationCompatIceCreamSandwich
android.support.v4.app.NotificationCompatJellybean
android.support.v4.app.ServiceCompat
android.support.v4.app.ShareCompat
android.support.v4.app.ShareCompat$IntentBuilder
android.support.v4.app.ShareCompat$IntentReader
android.support.v4.app.ShareCompat$ShareCompatImpl
android.support.v4.app.ShareCompat$ShareCompatImplBase
android.support.v4.app.ShareCompat$ShareCompatImplICS
android.support.v4.app.ShareCompat$ShareCompatImplJB
android.support.v4.app.ShareCompatICS
android.support.v4.app.ShareCompatJB
android.support.v4.app.TaskStackBuilder
android.support.v4.app.TaskStackBuilder$TaskStackBuilderImpl
android.support.v4.app.TaskStackBuilder$TaskStackBuilderImplBase
android.support.v4.app.TaskStackBuilder$TaskStackBuilderImplHoneycomb
android.support.v4.app.TaskStackBuilder$TaskStackBuilderImplJellybean
android.support.v4.app.TaskStackBuilderHoneycomb
android.support.v4.app.TaskStackBuilderJellybean
android.support.v4.content.AsyncTaskLoader:
    static final java.lang.String TAG
    static final boolean DEBUG
    103:107:public void setUpdateThrottle(long)
    254:262:public void waitForLoader()
android.support.v4.content.AsyncTaskLoader$LoadTask:
    40:40:static synthetic java.util.concurrent.CountDownLatch access$000(android.support.v4.content.AsyncTaskLoader$LoadTask)
android.support.v4.content.ContextCompat
android.support.v4.content.ContextCompatHoneycomb
android.support.v4.content.ContextCompatJellybean
android.support.v4.content.CursorLoader:
    95:97:public CursorLoader(android.content.Context)
    163:163:public android.net.Uri getUri()
    167:168:public void setUri(android.net.Uri)
    171:171:public java.lang.String[] getProjection()
    175:176:public void setProjection(java.lang.String[])
    179:179:public java.lang.String getSelection()
    183:184:public void setSelection(java.lang.String)
    187:187:public java.lang.String[] getSelectionArgs()
    191:192:public void setSelectionArgs(java.lang.String[])
    195:195:public java.lang.String getSortOrder()
    199:200:public void setSortOrder(java.lang.String)
android.support.v4.content.IntentCompat
android.support.v4.content.LocalBroadcastManager
android.support.v4.content.LocalBroadcastManager$1
android.support.v4.content.LocalBroadcastManager$BroadcastRecord
android.support.v4.content.LocalBroadcastManager$ReceiverRecord
android.support.v4.content.ModernAsyncTask:
    private static final java.lang.String LOG_TAG
    private static final int CORE_POOL_SIZE
    private static final int MAXIMUM_POOL_SIZE
    private static final int KEEP_ALIVE
    private static final int MESSAGE_POST_RESULT
    private static final int MESSAGE_POST_PROGRESS
    106:107:public static void init()
    111:112:public static void setDefaultExecutor(java.util.concurrent.Executor)
    169:169:public final android.support.v4.content.ModernAsyncTask$Status getStatus()
    321:321:public final java.lang.Object get()
    341:341:public final java.lang.Object get(long,java.util.concurrent.TimeUnit)
    371:371:public final varargs android.support.v4.content.ModernAsyncTask execute(java.lang.Object[])
    433:434:public static void execute(java.lang.Runnable)
    451:455:protected final varargs void publishProgress(java.lang.Object[])
android.support.v4.content.pm.ActivityInfoCompat
android.support.v4.database.DatabaseUtilsCompat